<?xml version="1.0" encoding="UTF-8"?>
<!-- Generated by org.testng.reporters.JUnitReportReporter -->
<testsuite skipped="0" hostname="ManojSitu" name="Com.nopCommerce.Tests.NopCommerce_RegisterDDT_Tc002" tests="2" failures="0" timestamp="21 May 2019 06:43:46 GMT" time="5.515" errors="0">
  <testcase name="RegisterDDT" time="1.859" classname="Com.nopCommerce.Tests.NopCommerce_RegisterDDT_Tc002"/>
  <testcase name="RegisterDDT" time="3.656" classname="Com.nopCommerce.Tests.NopCommerce_RegisterDDT_Tc002"/>
</testsuite> <!-- Com.nopCommerce.Tests.NopCommerce_RegisterDDT_Tc002 -->
