<?xml version="1.0" encoding="UTF-8"?>
<!-- Generated by org.testng.reporters.JUnitReportReporter -->
<testsuite skipped="0" hostname="ManojSitu" name="Com.nopCommerce.Tests.NopCommerce_RegisterDDT_Tc002" tests="2" failures="0" timestamp="23 May 2019 09:13:02 GMT" time="3.966" errors="0">
  <testcase name="RegisterDDT" time="1.617" classname="Com.nopCommerce.Tests.NopCommerce_RegisterDDT_Tc002"/>
  <testcase name="RegisterDDT" time="2.349" classname="Com.nopCommerce.Tests.NopCommerce_RegisterDDT_Tc002"/>
</testsuite> <!-- Com.nopCommerce.Tests.NopCommerce_RegisterDDT_Tc002 -->
