<?xml version="1.0" encoding="UTF-8"?>
<!-- Generated by org.testng.reporters.JUnitReportReporter -->
<testsuite skipped="0" hostname="ManojSitu" name="Com.nopCommerce.Tests.NopCommerce_Register_Tc001" tests="1" failures="0" timestamp="21 May 2019 06:43:46 GMT" time="3.730" errors="0">
  <testcase name="RegisterNopCommerce" time="3.730" classname="Com.nopCommerce.Tests.NopCommerce_Register_Tc001"/>
</testsuite> <!-- Com.nopCommerce.Tests.NopCommerce_Register_Tc001 -->
